0 verbose cli C:\Program Files\nodejs\node.exe C:\Program Files\nodejs\node_modules\npm\bin\npm-cli.js
1 info using npm@10.2.4
2 info using node@v20.11.0
3 timing npm:load:whichnode Completed in 4ms
4 timing config:load:defaults Completed in 5ms
5 timing config:load:file:C:\Program Files\nodejs\node_modules\npm\npmrc Completed in 9ms
6 timing config:load:builtin Completed in 10ms
7 timing config:load:cli Completed in 4ms
8 timing config:load:env Completed in 0ms
9 timing config:load:file:E:\class1\sir ameen assignment\hackathon\hackathon\.npmrc Completed in 0ms
10 timing config:load:project Completed in 2ms
11 timing config:load:file:C:\Users\REER GLOBAL\.npmrc Completed in 1ms
12 timing config:load:user Completed in 2ms
13 timing config:load:file:C:\Users\REER GLOBAL\AppData\Roaming\npm\etc\npmrc Completed in 1ms
14 timing config:load:global Completed in 1ms
15 timing config:load:setEnvs Completed in 2ms
16 timing config:load Completed in 27ms
17 timing npm:load:configload Completed in 27ms
18 timing config:load:flatten Completed in 5ms
19 timing npm:load:mkdirpcache Completed in 1ms
20 timing npm:load:mkdirplogs Completed in 1ms
21 verbose title npm run build
22 verbose argv "run" "build"
23 timing npm:load:setTitle Completed in 2ms
24 timing npm:load:display Completed in 2ms
25 verbose logfile logs-max:10 dir:E:\class1\sir ameen assignment\hackathon\hackathon\path\to\new\cache\_logs\2024-12-30T11_20_24_398Z-
26 verbose logfile E:\class1\sir ameen assignment\hackathon\hackathon\path\to\new\cache\_logs\2024-12-30T11_20_24_398Z-debug-0.log
27 timing npm:load:logFile Completed in 34ms
28 timing npm:load:timers Completed in 0ms
29 timing npm:load:configScope Completed in 0ms
30 timing npm:load Completed in 153ms
31 silly logfile done cleaning log files
32 timing command:run Completed in 45320ms
33 verbose exit 0
34 timing npm Completed in 45690ms
35 info ok
